{"name":"emailFormat","status":"failed","statusDetails":{"known":false,"muted":false,"flaky":false,"message":"Browser Action [navigateToNewURL] failed. With the following test data [http://automationpractice.com/index.php?controller=authentication].","trace":"java.lang.AssertionError: Browser Action [navigateToNewURL] failed. With the following test data [http://automationpractice.com/index.php?controller=authentication].\r\n\tat org.testng.Assert.fail(Assert.java:87)\r\n\tat com.shaft.gui.browser.BrowserActions.failAction(BrowserActions.java:462)\r\n\tat com.shaft.gui.browser.BrowserActions.failAction(BrowserActions.java:455)\r\n\tat com.shaft.gui.browser.BrowserActions.navigateToNewURL(BrowserActions.java:515)\r\n\tat com.shaft.gui.browser.BrowserActions.navigateToURL(BrowserActions.java:204)\r\n\tat automationpractice.com.LoginFormTest.emailFormat(LoginFormTest.java:115)\r\n\tat java.base/jdk.internal.reflect.NativeMethodAccessorImpl.invoke0(Native Method)\r\n\tat java.base/jdk.internal.reflect.NativeMethodAccessorImpl.invoke(NativeMethodAccessorImpl.java:64)\r\n\tat java.base/jdk.internal.reflect.DelegatingMethodAccessorImpl.invoke(DelegatingMethodAccessorImpl.java:43)\r\n\tat java.base/java.lang.reflect.Method.invoke(Method.java:564)\r\n\tat org.testng.internal.MethodInvocationHelper.invokeMethod(MethodInvocationHelper.java:132)\r\n\tat org.testng.internal.TestInvoker.invokeMethod(TestInvoker.java:599)\r\n\tat org.testng.internal.TestInvoker.invokeTestMethod(TestInvoker.java:174)\r\n\tat org.testng.internal.MethodRunner.runInSequence(MethodRunner.java:46)\r\n\tat org.testng.internal.TestInvoker$MethodInvocationAgent.invoke(TestInvoker.java:822)\r\n\tat org.testng.internal.TestInvoker.invokeTestMethods(TestInvoker.java:147)\r\n\tat org.testng.internal.TestMethodWorker.invokeTestMethods(TestMethodWorker.java:146)\r\n\tat org.testng.internal.TestMethodWorker.run(TestMethodWorker.java:128)\r\n\tat java.base/java.util.ArrayList.forEach(ArrayList.java:1511)\r\n\tat org.testng.TestRunner.privateRun(TestRunner.java:764)\r\n\tat org.testng.TestRunner.run(TestRunner.java:585)\r\n\tat org.testng.SuiteRunner.runTest(SuiteRunner.java:384)\r\n\tat org.testng.SuiteRunner.runSequentially(SuiteRunner.java:378)\r\n\tat org.testng.SuiteRunner.privateRun(SuiteRunner.java:337)\r\n\tat org.testng.SuiteRunner.run(SuiteRunner.java:286)\r\n\tat org.testng.SuiteRunnerWorker.runSuite(SuiteRunnerWorker.java:53)\r\n\tat org.testng.SuiteRunnerWorker.run(SuiteRunnerWorker.java:96)\r\n\tat org.testng.TestNG.runSuitesSequentially(TestNG.java:1218)\r\n\tat org.testng.TestNG.runSuitesLocally(TestNG.java:1140)\r\n\tat org.testng.TestNG.runSuites(TestNG.java:1069)\r\n\tat org.testng.TestNG.run(TestNG.java:1037)\r\n\tat org.apache.maven.surefire.testng.TestNGExecutor.run(TestNGExecutor.java:136)\r\n\tat org.apache.maven.surefire.testng.TestNGDirectoryTestSuite.executeMulti(TestNGDirectoryTestSuite.java:193)\r\n\tat org.apache.maven.surefire.testng.TestNGDirectoryTestSuite.execute(TestNGDirectoryTestSuite.java:94)\r\n\tat org.apache.maven.surefire.testng.TestNGProvider.invoke(TestNGProvider.java:145)\r\n\tat org.apache.maven.surefire.booter.ForkedBooter.runSuitesInProcess(ForkedBooter.java:428)\r\n\tat org.apache.maven.surefire.booter.ForkedBooter.execute(ForkedBooter.java:162)\r\n\tat org.apache.maven.surefire.booter.ForkedBooter.run(ForkedBooter.java:562)\r\n\tat org.apache.maven.surefire.booter.ForkedBooter.main(ForkedBooter.java:548)\r\nCaused by: org.openqa.selenium.TimeoutException: timeout: Timed out receiving message from renderer: 28.861\n  (Session info: chrome=87.0.4280.88)\n  (Driver info: chromedriver=87.0.4280.88 (89e2380a3e36c3464b5dd1302349b1382549290d-refs/branch-heads/4280@{#1761}),platform=Windows NT 10.0.18362 x86_64) (WARNING: The server did not provide any stacktrace information)\nCommand duration or timeout: 0 milliseconds\nBuild info: version: '3.141.59', revision: 'e82be7d358', time: '2018-11-14T08:17:03'\nSystem info: host: 'DESKTOP-JV9VLGP', ip: '192.168.1.7', os.name: 'Windows 10', os.arch: 'amd64', os.version: '10.0', java.version: '15.0.1'\nDriver info: org.openqa.selenium.chrome.ChromeDriver\nCapabilities {acceptInsecureCerts: false, acceptSslCerts: false, applicationCacheEnabled: false, browserConnectionEnabled: false, browserName: chrome, chrome: {chromedriverVersion: 87.0.4280.88 (89e2380a3e36c..., userDataDir: C:\\Users\\Hisham\\AppData\\Loc...}, cssSelectorsEnabled: true, databaseEnabled: false, goog:chromeOptions: {debuggerAddress: localhost:50614}, handlesAlerts: true, hasTouchScreen: false, javascriptEnabled: true, locationContextEnabled: true, mobileEmulationEnabled: false, nativeEvents: true, networkConnectionEnabled: false, pageLoadStrategy: normal, platform: WINDOWS, platformName: WINDOWS, proxy: Proxy(), rotatable: false, setWindowRect: true, strictFileInteractability: false, takesHeapSnapshot: true, takesScreenshot: true, timeouts: {implicit: 0, pageLoad: 300000, script: 30000}, unexpectedAlertBehaviour: ignore, unhandledPromptBehavior: ignore, version: 87.0.4280.88, webStorageEnabled: true, webauthn:virtualAuthenticators: true}\nSession ID: 8534f89eda07c93d2fb027fc4f441fa3\r\n\tat java.base/jdk.internal.reflect.NativeConstructorAccessorImpl.newInstance0(Native Method)\r\n\tat java.base/jdk.internal.reflect.NativeConstructorAccessorImpl.newInstance(NativeConstructorAccessorImpl.java:64)\r\n\tat java.base/jdk.internal.reflect.DelegatingConstructorAccessorImpl.newInstance(DelegatingConstructorAccessorImpl.java:45)\r\n\tat java.base/java.lang.reflect.Constructor.newInstanceWithCaller(Constructor.java:500)\r\n\tat java.base/java.lang.reflect.Constructor.newInstance(Constructor.java:481)\r\n\tat org.openqa.selenium.remote.ErrorHandler.createThrowable(ErrorHandler.java:214)\r\n\tat org.openqa.selenium.remote.ErrorHandler.throwIfResponseFailed(ErrorHandler.java:166)\r\n\tat org.openqa.selenium.remote.http.JsonHttpResponseCodec.reconstructValue(JsonHttpResponseCodec.java:40)\r\n\tat org.openqa.selenium.remote.http.AbstractHttpResponseCodec.decode(AbstractHttpResponseCodec.java:80)\r\n\tat org.openqa.selenium.remote.http.AbstractHttpResponseCodec.decode(AbstractHttpResponseCodec.java:44)\r\n\tat org.openqa.selenium.remote.HttpCommandExecutor.execute(HttpCommandExecutor.java:158)\r\n\tat org.openqa.selenium.remote.service.DriverCommandExecutor.execute(DriverCommandExecutor.java:83)\r\n\tat org.openqa.selenium.remote.RemoteWebDriver.execute(RemoteWebDriver.java:552)\r\n\tat org.openqa.selenium.remote.RemoteWebDriver.get(RemoteWebDriver.java:277)\r\n\tat org.openqa.selenium.remote.RemoteWebDriver$RemoteNavigation.to(RemoteWebDriver.java:857)\r\n\tat com.shaft.gui.browser.BrowserActions.navigateToNewURL(BrowserActions.java:512)\r\n\t... 35 more\r\n"},"stage":"finished","steps":[{"name":"Attachment: Exception Stack Trace - org.openqa.selenium.TimeoutException","status":"passed","stage":"finished","steps":[],"attachments":[{"name":"Attachment: Exception Stack Trace - org.openqa.selenium.TimeoutException","source":"5b3eb7f4-13a2-4c97-9fee-a2a212dde626-attachment"}],"parameters":[{"name":"attachmentType","value":"Exception Stack Trace"},{"name":"attachmentName","value":"org.openqa.selenium.TimeoutException"},{"name":"attachmentContent","value":"java.io.ByteArrayInputStream@55fb9e52"}],"start":1609609417502,"stop":1609609417505},{"name":"Action [2]: Browser Action [navigateToNewURL] failed. With the following test data [http://automationpractice.com/index.php?controller=authentication].","status":"passed","stage":"finished","steps":[],"attachments":[{"name":"Attachment: Screenshot - 1609609452869_emailFormat_navigateToNewURL_passed","source":"f9c1fe51-2bd8-44b4-ad86-aa2f601e637c-attachment.png","type":"image/png"}],"parameters":[{"name":"actionCounter","value":"2"},{"name":"logText","value":"Browser Action [navigateToNewURL] failed. With the following test data [http://automationpractice.com/index.php?controller=authentication]."},{"name":"attachments","value":"[[Screenshot, 1609609452869_emailFormat_navigateToNewURL_passed, java.io.ByteArrayInputStream@5f1d270a]]"}],"start":1609609454319,"stop":1609609454324}],"attachments":[{"name":"Attachment: Video Recording - emailFormat","source":"f01268c1-8cc5-4639-bc6a-3e65a5038ef0-attachment.mp4","type":"video/mp4"},{"name":"Attachment: Animated Gif - emailFormat","source":"025eb748-7766-4b17-9d4b-834c7802f626-attachment.gif","type":"image/gif"},{"name":"Attachment: SHAFT Engine Logs - Current Method log: emailFormat","source":"9763a876-2046-47c8-a74f-d99ac2605ee8-attachment.txt","type":"text/plain"}],"parameters":[],"start":1609609387438,"stop":1609609470926,"uuid":"0e3bea5f-d30e-4d5d-954c-e5518e7f0661","historyId":"afcdd56146c7a7cd0cb77b669f8a63aa","fullName":"automationpractice.com.LoginFormTest.emailFormat","labels":[{"name":"package","value":"automationpractice.com.LoginFormTest"},{"name":"testClass","value":"automationpractice.com.LoginFormTest"},{"name":"testMethod","value":"emailFormat"},{"name":"parentSuite","value":"SHAFT_Engine: Custom Suite"},{"name":"suite","value":"SHAFT_Engine: Custom Test"},{"name":"subSuite","value":"automationpractice.com.LoginFormTest"},{"name":"host","value":"DESKTOP-JV9VLGP"},{"name":"thread","value":"7776@DESKTOP-JV9VLGP.main(1)"},{"name":"framework","value":"testng"},{"name":"language","value":"java"}],"links":[]}